2023-10-2 20:1:38:362 [21944] (main.cc:34): Initialized
2023-10-2 20:1:38:363 [21971] (DiscordInjector.cc:74): Found discord_voice.node, base_address=140518006718464
2023-10-2 20:1:38:364 [21971] (DiscordInjector.cc:120): Preferred addr: 0
2023-10-2 20:1:38:367 [21971] (DiscordInjector.cc:162): Found _ZN6webrtc15DesktopCapturer20CreateScreenCapturerERKNS_21DesktopCaptureOptionsE at 140518013029568
2023-10-2 20:1:38:369 [21971] (DiscordInjector.cc:162): Found _ZN6webrtc18MouseCursorMonitor6CreateERKNS_21DesktopCaptureOptionsE at 140518013032080
2023-10-2 20:1:38:369 [21971] (DiscordInjector.cc:162): Found _ZN7discord5media17ScreenshareHelper14GetSourceCountENS_19DesktopCapturerTypeE at 140518009108512
2023-10-2 20:1:38:369 [21971] (DiscordInjector.cc:162): Found _ZN6webrtc22CroppingWindowCapturer14CreateCapturerERKNS_21DesktopCaptureOptionsE at 140518013026096
2023-10-2 20:1:38:370 [21971] (Hooker.cc:51): Successfully hooked function _ZN6webrtc15DesktopCapturer20CreateScreenCapturerERKNS_21DesktopCaptureOptionsE at 140518013029568
2023-10-2 20:1:38:370 [21971] (Hooker.cc:51): Successfully hooked function _ZN6webrtc18MouseCursorMonitor6CreateERKNS_21DesktopCaptureOptionsE at 140518013032080
2023-10-2 20:1:38:370 [21971] (Hooker.cc:51): Successfully hooked function _ZN6webrtc22CroppingWindowCapturer14CreateCapturerERKNS_21DesktopCaptureOptionsE at 140518013026096
2023-10-2 20:1:38:370 [21971] (Hooker.cc:51): Successfully hooked function _ZN7discord5media17ScreenshareHelper14GetSourceCountENS_19DesktopCapturerTypeE at 140518009108512
2023-10-2 20:1:40:924 [21944] (main.cc:34): Initialized
2023-10-2 20:1:42:781 [22067] (main.cc:34): Initialized
2023-10-2 20:1:42:782 [22094] (DiscordInjector.cc:74): Found discord_voice.node, base_address=140381922525184
2023-10-2 20:1:42:782 [22094] (DiscordInjector.cc:120): Preferred addr: 0
2023-10-2 20:1:42:785 [22094] (DiscordInjector.cc:162): Found _ZN6webrtc15DesktopCapturer20CreateScreenCapturerERKNS_21DesktopCaptureOptionsE at 140381928836288
2023-10-2 20:1:42:787 [22094] (DiscordInjector.cc:162): Found _ZN6webrtc18MouseCursorMonitor6CreateERKNS_21DesktopCaptureOptionsE at 140381928838800
2023-10-2 20:1:42:788 [22094] (DiscordInjector.cc:162): Found _ZN7discord5media17ScreenshareHelper14GetSourceCountENS_19DesktopCapturerTypeE at 140381924915232
2023-10-2 20:1:42:788 [22094] (DiscordInjector.cc:162): Found _ZN6webrtc22CroppingWindowCapturer14CreateCapturerERKNS_21DesktopCaptureOptionsE at 140381928832816
2023-10-2 20:1:42:790 [22094] (Hooker.cc:51): Successfully hooked function _ZN6webrtc15DesktopCapturer20CreateScreenCapturerERKNS_21DesktopCaptureOptionsE at 140381928836288
2023-10-2 20:1:42:790 [22094] (Hooker.cc:51): Successfully hooked function _ZN6webrtc18MouseCursorMonitor6CreateERKNS_21DesktopCaptureOptionsE at 140381928838800
2023-10-2 20:1:42:790 [22094] (Hooker.cc:51): Successfully hooked function _ZN6webrtc22CroppingWindowCapturer14CreateCapturerERKNS_21DesktopCaptureOptionsE at 140381928832816
2023-10-2 20:1:42:790 [22094] (Hooker.cc:51): Successfully hooked function _ZN7discord5media17ScreenshareHelper14GetSourceCountENS_19DesktopCapturerTypeE at 140381924915232
2023-10-2 20:1:59:981 [22234] (main.cc:34): Initialized
2023-10-2 20:1:59:982 [22261] (DiscordInjector.cc:74): Found discord_voice.node, base_address=140423265779712
2023-10-2 20:1:59:982 [22261] (DiscordInjector.cc:120): Preferred addr: 0
2023-10-2 20:1:59:985 [22261] (DiscordInjector.cc:162): Found _ZN6webrtc15DesktopCapturer20CreateScreenCapturerERKNS_21DesktopCaptureOptionsE at 140423272090816
2023-10-2 20:1:59:987 [22261] (DiscordInjector.cc:162): Found _ZN6webrtc18MouseCursorMonitor6CreateERKNS_21DesktopCaptureOptionsE at 140423272093328
2023-10-2 20:1:59:987 [22261] (DiscordInjector.cc:162): Found _ZN7discord5media17ScreenshareHelper14GetSourceCountENS_19DesktopCapturerTypeE at 140423268169760
2023-10-2 20:1:59:988 [22261] (DiscordInjector.cc:162): Found _ZN6webrtc22CroppingWindowCapturer14CreateCapturerERKNS_21DesktopCaptureOptionsE at 140423272087344
2023-10-2 20:1:59:989 [22261] (Hooker.cc:51): Successfully hooked function _ZN6webrtc15DesktopCapturer20CreateScreenCapturerERKNS_21DesktopCaptureOptionsE at 140423272090816
2023-10-2 20:1:59:989 [22261] (Hooker.cc:51): Successfully hooked function _ZN6webrtc18MouseCursorMonitor6CreateERKNS_21DesktopCaptureOptionsE at 140423272093328
2023-10-2 20:1:59:989 [22261] (Hooker.cc:51): Successfully hooked function _ZN6webrtc22CroppingWindowCapturer14CreateCapturerERKNS_21DesktopCaptureOptionsE at 140423272087344
2023-10-2 20:1:59:989 [22261] (Hooker.cc:51): Successfully hooked function _ZN7discord5media17ScreenshareHelper14GetSourceCountENS_19DesktopCapturerTypeE at 140423268169760
2023-10-3 17:53:46:970 [6639] (main.cc:34): Initialized
2023-10-3 17:53:46:971 [6676] (DiscordInjector.cc:74): Found discord_voice.node, base_address=139811432169472
2023-10-3 17:53:46:972 [6676] (DiscordInjector.cc:120): Preferred addr: 0
2023-10-3 17:53:46:979 [6676] (DiscordInjector.cc:162): Found _ZN6webrtc15DesktopCapturer20CreateScreenCapturerERKNS_21DesktopCaptureOptionsE at 139811438480576
2023-10-3 17:53:46:980 [6676] (DiscordInjector.cc:162): Found _ZN6webrtc18MouseCursorMonitor6CreateERKNS_21DesktopCaptureOptionsE at 139811438483088
2023-10-3 17:53:46:980 [6676] (DiscordInjector.cc:162): Found _ZN7discord5media17ScreenshareHelper14GetSourceCountENS_19DesktopCapturerTypeE at 139811434559520
2023-10-3 17:53:46:980 [6676] (DiscordInjector.cc:162): Found _ZN6webrtc22CroppingWindowCapturer14CreateCapturerERKNS_21DesktopCaptureOptionsE at 139811438477104
2023-10-3 17:53:46:981 [6676] (Hooker.cc:51): Successfully hooked function _ZN6webrtc15DesktopCapturer20CreateScreenCapturerERKNS_21DesktopCaptureOptionsE at 139811438480576
2023-10-3 17:53:46:981 [6676] (Hooker.cc:51): Successfully hooked function _ZN6webrtc18MouseCursorMonitor6CreateERKNS_21DesktopCaptureOptionsE at 139811438483088
2023-10-3 17:53:46:981 [6676] (Hooker.cc:51): Successfully hooked function _ZN6webrtc22CroppingWindowCapturer14CreateCapturerERKNS_21DesktopCaptureOptionsE at 139811438477104
2023-10-3 17:53:46:981 [6676] (Hooker.cc:51): Successfully hooked function _ZN7discord5media17ScreenshareHelper14GetSourceCountENS_19DesktopCapturerTypeE at 139811434559520
2023-10-3 19:38:10:450 [17500] (main.cc:34): Initialized
2023-10-3 19:38:10:450 [17530] (DiscordInjector.cc:74): Found discord_voice.node, base_address=140653885390848
2023-10-3 19:38:10:450 [17530] (DiscordInjector.cc:120): Preferred addr: 0
2023-10-3 19:38:10:452 [17530] (DiscordInjector.cc:162): Found _ZN6webrtc15DesktopCapturer20CreateScreenCapturerERKNS_21DesktopCaptureOptionsE at 140653891701952
2023-10-3 19:38:10:453 [17530] (DiscordInjector.cc:162): Found _ZN6webrtc18MouseCursorMonitor6CreateERKNS_21DesktopCaptureOptionsE at 140653891704464
2023-10-3 19:38:10:453 [17530] (DiscordInjector.cc:162): Found _ZN7discord5media17ScreenshareHelper14GetSourceCountENS_19DesktopCapturerTypeE at 140653887780896
2023-10-3 19:38:10:453 [17530] (DiscordInjector.cc:162): Found _ZN6webrtc22CroppingWindowCapturer14CreateCapturerERKNS_21DesktopCaptureOptionsE at 140653891698480
2023-10-3 19:38:10:454 [17530] (Hooker.cc:51): Successfully hooked function _ZN6webrtc15DesktopCapturer20CreateScreenCapturerERKNS_21DesktopCaptureOptionsE at 140653891701952
2023-10-3 19:38:10:454 [17530] (Hooker.cc:51): Successfully hooked function _ZN6webrtc18MouseCursorMonitor6CreateERKNS_21DesktopCaptureOptionsE at 140653891704464
2023-10-3 19:38:10:454 [17530] (Hooker.cc:51): Successfully hooked function _ZN6webrtc22CroppingWindowCapturer14CreateCapturerERKNS_21DesktopCaptureOptionsE at 140653891698480
2023-10-3 19:38:10:454 [17530] (Hooker.cc:51): Successfully hooked function _ZN7discord5media17ScreenshareHelper14GetSourceCountENS_19DesktopCapturerTypeE at 140653887780896
2023-10-3 22:30:6:194 [35389] (main.cc:34): Initialized
2023-10-3 22:30:6:195 [35416] (DiscordInjector.cc:74): Found discord_voice.node, base_address=139701455421440
2023-10-3 22:30:6:195 [35416] (DiscordInjector.cc:120): Preferred addr: 0
2023-10-3 22:30:6:201 [35416] (DiscordInjector.cc:162): Found _ZN6webrtc15DesktopCapturer20CreateScreenCapturerERKNS_21DesktopCaptureOptionsE at 139701461732544
2023-10-3 22:30:6:203 [35416] (DiscordInjector.cc:162): Found _ZN6webrtc18MouseCursorMonitor6CreateERKNS_21DesktopCaptureOptionsE at 139701461735056
2023-10-3 22:30:6:203 [35416] (DiscordInjector.cc:162): Found _ZN7discord5media17ScreenshareHelper14GetSourceCountENS_19DesktopCapturerTypeE at 139701457811488
2023-10-3 22:30:6:204 [35416] (DiscordInjector.cc:162): Found _ZN6webrtc22CroppingWindowCapturer14CreateCapturerERKNS_21DesktopCaptureOptionsE at 139701461729072
2023-10-3 22:30:6:205 [35416] (Hooker.cc:51): Successfully hooked function _ZN6webrtc15DesktopCapturer20CreateScreenCapturerERKNS_21DesktopCaptureOptionsE at 139701461732544
2023-10-3 22:30:6:205 [35416] (Hooker.cc:51): Successfully hooked function _ZN6webrtc18MouseCursorMonitor6CreateERKNS_21DesktopCaptureOptionsE at 139701461735056
2023-10-3 22:30:6:205 [35416] (Hooker.cc:51): Successfully hooked function _ZN6webrtc22CroppingWindowCapturer14CreateCapturerERKNS_21DesktopCaptureOptionsE at 139701461729072
2023-10-3 22:30:6:205 [35416] (Hooker.cc:51): Successfully hooked function _ZN7discord5media17ScreenshareHelper14GetSourceCountENS_19DesktopCapturerTypeE at 139701457811488
2023-10-4 15:56:16:863 [4082] (main.cc:34): Initialized
2023-10-4 15:56:16:864 [4151] (DiscordInjector.cc:74): Found discord_voice.node, base_address=140178037407744
2023-10-4 15:56:16:864 [4151] (DiscordInjector.cc:120): Preferred addr: 0
2023-10-4 15:56:16:870 [4151] (DiscordInjector.cc:162): Found _ZN6webrtc15DesktopCapturer20CreateScreenCapturerERKNS_21DesktopCaptureOptionsE at 140178043718848
2023-10-4 15:56:16:871 [4151] (DiscordInjector.cc:162): Found _ZN6webrtc18MouseCursorMonitor6CreateERKNS_21DesktopCaptureOptionsE at 140178043721360
2023-10-4 15:56:16:871 [4151] (DiscordInjector.cc:162): Found _ZN7discord5media17ScreenshareHelper14GetSourceCountENS_19DesktopCapturerTypeE at 140178039797792
2023-10-4 15:56:16:871 [4151] (DiscordInjector.cc:162): Found _ZN6webrtc22CroppingWindowCapturer14CreateCapturerERKNS_21DesktopCaptureOptionsE at 140178043715376
2023-10-4 15:56:16:872 [4151] (Hooker.cc:51): Successfully hooked function _ZN6webrtc15DesktopCapturer20CreateScreenCapturerERKNS_21DesktopCaptureOptionsE at 140178043718848
2023-10-4 15:56:16:872 [4151] (Hooker.cc:51): Successfully hooked function _ZN6webrtc18MouseCursorMonitor6CreateERKNS_21DesktopCaptureOptionsE at 140178043721360
2023-10-4 15:56:16:872 [4151] (Hooker.cc:51): Successfully hooked function _ZN6webrtc22CroppingWindowCapturer14CreateCapturerERKNS_21DesktopCaptureOptionsE at 140178043715376
2023-10-4 15:56:16:872 [4151] (Hooker.cc:51): Successfully hooked function _ZN7discord5media17ScreenshareHelper14GetSourceCountENS_19DesktopCapturerTypeE at 140178039797792
2023-10-5 1:49:32:388 [36781] (main.cc:34): Initialized
2023-10-5 1:49:32:390 [36852] (DiscordInjector.cc:74): Found discord_voice.node, base_address=139852022546432
2023-10-5 1:49:32:391 [36852] (DiscordInjector.cc:120): Preferred addr: 0
2023-10-5 1:49:32:398 [36852] (DiscordInjector.cc:162): Found _ZN6webrtc15DesktopCapturer20CreateScreenCapturerERKNS_21DesktopCaptureOptionsE at 139852028857536
2023-10-5 1:49:32:400 [36852] (DiscordInjector.cc:162): Found _ZN6webrtc18MouseCursorMonitor6CreateERKNS_21DesktopCaptureOptionsE at 139852028860048
2023-10-5 1:49:32:401 [36852] (DiscordInjector.cc:162): Found _ZN7discord5media17ScreenshareHelper14GetSourceCountENS_19DesktopCapturerTypeE at 139852024936480
2023-10-5 1:49:32:401 [36852] (DiscordInjector.cc:162): Found _ZN6webrtc22CroppingWindowCapturer14CreateCapturerERKNS_21DesktopCaptureOptionsE at 139852028854064
2023-10-5 1:49:32:402 [36852] (Hooker.cc:51): Successfully hooked function _ZN6webrtc15DesktopCapturer20CreateScreenCapturerERKNS_21DesktopCaptureOptionsE at 139852028857536
2023-10-5 1:49:32:402 [36852] (Hooker.cc:51): Successfully hooked function _ZN6webrtc18MouseCursorMonitor6CreateERKNS_21DesktopCaptureOptionsE at 139852028860048
2023-10-5 1:49:32:402 [36852] (Hooker.cc:51): Successfully hooked function _ZN6webrtc22CroppingWindowCapturer14CreateCapturerERKNS_21DesktopCaptureOptionsE at 139852028854064
2023-10-5 1:49:32:402 [36852] (Hooker.cc:51): Successfully hooked function _ZN7discord5media17ScreenshareHelper14GetSourceCountENS_19DesktopCapturerTypeE at 139852024936480
2023-10-5 15:40:39:788 [10153] (main.cc:34): Initialized
2023-10-5 15:40:39:789 [10181] (DiscordInjector.cc:74): Found discord_voice.node, base_address=139666252627968
2023-10-5 15:40:39:790 [10181] (DiscordInjector.cc:120): Preferred addr: 0
2023-10-5 15:40:39:795 [10181] (DiscordInjector.cc:162): Found _ZN6webrtc15DesktopCapturer20CreateScreenCapturerERKNS_21DesktopCaptureOptionsE at 139666258939072
2023-10-5 15:40:39:796 [10181] (DiscordInjector.cc:162): Found _ZN6webrtc18MouseCursorMonitor6CreateERKNS_21DesktopCaptureOptionsE at 139666258941584
2023-10-5 15:40:39:797 [10181] (DiscordInjector.cc:162): Found _ZN7discord5media17ScreenshareHelper14GetSourceCountENS_19DesktopCapturerTypeE at 139666255018016
2023-10-5 15:40:39:797 [10181] (DiscordInjector.cc:162): Found _ZN6webrtc22CroppingWindowCapturer14CreateCapturerERKNS_21DesktopCaptureOptionsE at 139666258935600
2023-10-5 15:40:39:797 [10181] (Hooker.cc:51): Successfully hooked function _ZN6webrtc15DesktopCapturer20CreateScreenCapturerERKNS_21DesktopCaptureOptionsE at 139666258939072
2023-10-5 15:40:39:797 [10181] (Hooker.cc:51): Successfully hooked function _ZN6webrtc18MouseCursorMonitor6CreateERKNS_21DesktopCaptureOptionsE at 139666258941584
2023-10-5 15:40:39:797 [10181] (Hooker.cc:51): Successfully hooked function _ZN6webrtc22CroppingWindowCapturer14CreateCapturerERKNS_21DesktopCaptureOptionsE at 139666258935600
2023-10-5 15:40:39:797 [10181] (Hooker.cc:51): Successfully hooked function _ZN7discord5media17ScreenshareHelper14GetSourceCountENS_19DesktopCapturerTypeE at 139666255018016
2023-10-5 17:58:20:80 [4252] (main.cc:34): Initialized
2023-10-5 17:58:20:81 [4281] (DiscordInjector.cc:74): Found discord_voice.node, base_address=139732629585920
2023-10-5 17:58:20:83 [4281] (DiscordInjector.cc:120): Preferred addr: 0
2023-10-5 17:58:20:94 [4281] (DiscordInjector.cc:162): Found _ZN6webrtc15DesktopCapturer20CreateScreenCapturerERKNS_21DesktopCaptureOptionsE at 139732635897024
2023-10-5 17:58:20:96 [4281] (DiscordInjector.cc:162): Found _ZN6webrtc18MouseCursorMonitor6CreateERKNS_21DesktopCaptureOptionsE at 139732635899536
2023-10-5 17:58:20:96 [4281] (DiscordInjector.cc:162): Found _ZN7discord5media17ScreenshareHelper14GetSourceCountENS_19DesktopCapturerTypeE at 139732631975968
2023-10-5 17:58:20:97 [4281] (DiscordInjector.cc:162): Found _ZN6webrtc22CroppingWindowCapturer14CreateCapturerERKNS_21DesktopCaptureOptionsE at 139732635893552
2023-10-5 17:58:20:98 [4281] (Hooker.cc:51): Successfully hooked function _ZN6webrtc15DesktopCapturer20CreateScreenCapturerERKNS_21DesktopCaptureOptionsE at 139732635897024
2023-10-5 17:58:20:98 [4281] (Hooker.cc:51): Successfully hooked function _ZN6webrtc18MouseCursorMonitor6CreateERKNS_21DesktopCaptureOptionsE at 139732635899536
2023-10-5 17:58:20:98 [4281] (Hooker.cc:51): Successfully hooked function _ZN6webrtc22CroppingWindowCapturer14CreateCapturerERKNS_21DesktopCaptureOptionsE at 139732635893552
2023-10-5 17:58:20:98 [4281] (Hooker.cc:51): Successfully hooked function _ZN7discord5media17ScreenshareHelper14GetSourceCountENS_19DesktopCapturerTypeE at 139732631975968
