
2023/04/25 (00:45:59) | ===> btop++ v.1.2.13
2023/04/25 (00:45:59) | INFO: Logger set to INFO

2023/04/25 (00:55:46) | ===> btop++ v.1.2.13
2023/04/25 (00:55:46) | ERROR: Invalid hex value: 89dceb

# Process box color gradient for threads, mem and cpu usage (Sapphire -> Mauve)
theme[process_start]=
2023/04/25 (00:55:46) | ERROR: Invalid hex value: 40a02b
theme[temp_mid]=
2023/04/25 (00:55:48) | ERROR: Invalid hex value: 40a02b
theme[temp_mid]=
2023/04/25 (00:55:49) | ERROR: Invalid hex value: 89dceb

# Process box color gradient for threads, mem and cpu usage (Sapphire -> Mauve)
theme[process_start]=
2023/04/25 (00:56:39) | ERROR: Invalid hex value: 89dceb

# Process box color gradient for threads, mem and cpu usage (Sapphire -> Mauve)
theme[process_start]=

2023/04/28 (02:43:28) | ===> btop++ v.1.2.13
2023/04/28 (02:43:28) | ERROR: Invalid hex value: 40a02b
theme[temp_mid]=
2023/04/28 (02:43:30) | ERROR: Invalid hex value: 40a02b
theme[temp_mid]=
2023/04/28 (02:43:31) | ERROR: Invalid hex value: 89dceb

# Process box color gradient for threads, mem and cpu usage (Sapphire -> Mauve)
theme[process_start]=

2023/04/28 (02:45:38) | ===> btop++ v.1.2.13
2023/04/28 (02:45:38) | ERROR: Invalid hex value: 89dceb

# Process box color gradient for threads, mem and cpu usage (Sapphire -> Mauve)
theme[process_start]=

2023/04/28 (02:48:43) | ===> btop++ v.1.2.13
2023/04/28 (02:48:43) | ERROR: Invalid hex value: 89dceb

# Process box color gradient for threads, mem and cpu usage (Sapphire -> Mauve)
theme[process_start]=

2023/04/28 (02:53:23) | ===> btop++ v.1.2.13
2023/04/28 (02:53:23) | ERROR: Invalid hex value: 89dceb

# Process box color gradient for threads, mem and cpu usage (Sapphire -> Mauve)
theme[process_start]=

2023/04/28 (02:54:48) | ===> btop++ v.1.2.13
2023/04/28 (02:54:48) | ERROR: Invalid hex value: 89dceb

# Process box color gradient for threads, mem and cpu usage (Sapphire -> Mauve)
theme[process_start]=

2023/04/28 (03:19:39) | ===> btop++ v.1.2.13
2023/04/28 (03:19:39) | ERROR: Invalid hex value: 89dceb

# Process box color gradient for threads, mem and cpu usage (Sapphire -> Mauve)
theme[process_start]=

2023/04/28 (03:20:40) | ===> btop++ v.1.2.13
2023/04/28 (03:20:40) | ERROR: Invalid hex value: 89dceb

# Process box color gradient for threads, mem and cpu usage (Sapphire -> Mauve)
theme[process_start]=

2023/04/28 (03:29:36) | ===> btop++ v.1.2.13
2023/04/28 (03:29:36) | ERROR: Invalid hex value: 89dceb

# Process box color gradient for threads, mem and cpu usage (Sapphire -> Mauve)
theme[process_start]=

2023/04/28 (03:33:12) | ===> btop++ v.1.2.13
2023/04/28 (03:33:12) | ERROR: Invalid hex value: 89dceb

# Process box color gradient for threads, mem and cpu usage (Sapphire -> Mauve)
theme[process_start]=

2023/04/28 (03:45:39) | ===> btop++ v.1.2.13
2023/04/28 (03:45:39) | ERROR: Invalid hex value: 89dceb

# Process box color gradient for threads, mem and cpu usage (Sapphire -> Mauve)
theme[process_start]=

2023/04/28 (03:47:38) | ===> btop++ v.1.2.13
2023/04/28 (03:47:38) | ERROR: Invalid hex value: 89dceb

# Process box color gradient for threads, mem and cpu usage (Sapphire -> Mauve)
theme[process_start]=

2023/05/05 (20:40:48) | ===> btop++ v.1.2.13
2023/05/05 (20:40:48) | ERROR: Invalid hex value: 89dceb

# Process box color gradient for threads, mem and cpu usage (Sapphire -> Mauve)
theme[process_start]=

2023/05/05 (20:41:19) | ===> btop++ v.1.2.13
2023/05/05 (20:41:19) | ERROR: Invalid hex value: 89dceb

# Process box color gradient for threads, mem and cpu usage (Sapphire -> Mauve)
theme[process_start]=

2023/05/05 (22:00:44) | ===> btop++ v.1.2.13
2023/05/05 (22:00:44) | ERROR: Invalid hex value: 89dceb

# Process box color gradient for threads, mem and cpu usage (Sapphire -> Mauve)
theme[process_start]=

2023/05/06 (00:41:34) | ===> btop++ v.1.2.13
2023/05/06 (00:41:34) | ERROR: Invalid hex value: 89dceb

# Process box color gradient for threads, mem and cpu usage (Sapphire -> Mauve)
theme[process_start]=

2023/05/07 (17:48:49) | ===> btop++ v.1.2.13
2023/05/07 (17:48:49) | ERROR: Invalid hex value: 89dceb

# Process box color gradient for threads, mem and cpu usage (Sapphire -> Mauve)
theme[process_start]=

2023/05/07 (17:48:55) | ===> btop++ v.1.2.13
2023/05/07 (17:48:55) | ERROR: Invalid hex value: 89dceb

# Process box color gradient for threads, mem and cpu usage (Sapphire -> Mauve)
theme[process_start]=

2023/05/07 (17:48:59) | ===> btop++ v.1.2.13
2023/05/07 (17:48:59) | ERROR: Invalid hex value: 89dceb

# Process box color gradient for threads, mem and cpu usage (Sapphire -> Mauve)
theme[process_start]=

2023/05/16 (20:08:45) | ===> btop++ v.1.2.13
2023/05/16 (20:08:45) | ERROR: Invalid hex value: 89dceb

# Process box color gradient for threads, mem and cpu usage (Sapphire -> Mauve)
theme[process_start]=

2023/05/19 (17:45:06) | ===> btop++ v.1.2.13
2023/05/19 (17:45:06) | ERROR: Invalid hex value: 89dceb

# Process box color gradient for threads, mem and cpu usage (Sapphire -> Mauve)
theme[process_start]=

2023/05/23 (19:59:29) | ===> btop++ v.1.2.13
2023/05/23 (19:59:29) | ERROR: Invalid hex value: 89dceb

# Process box color gradient for threads, mem and cpu usage (Sapphire -> Mauve)
theme[process_start]=

2023/05/23 (19:59:40) | ===> btop++ v.1.2.13
2023/05/23 (19:59:40) | ERROR: Invalid hex value: 89dceb

# Process box color gradient for threads, mem and cpu usage (Sapphire -> Mauve)
theme[process_start]=

2023/05/23 (20:00:31) | ===> btop++ v.1.2.13
2023/05/23 (20:00:31) | ERROR: Invalid hex value: 89dceb

# Process box color gradient for threads, mem and cpu usage (Sapphire -> Mauve)
theme[process_start]=

2023/05/29 (11:22:15) | ===> btop++ v.1.2.13
2023/05/29 (11:22:15) | ERROR: Invalid hex value: 89dceb

# Process box color gradient for threads, mem and cpu usage (Sapphire -> Mauve)
theme[process_start]=

2023/06/02 (19:28:27) | ===> btop++ v.1.2.13
2023/06/02 (19:28:27) | ERROR: Invalid hex value: 89dceb

# Process box color gradient for threads, mem and cpu usage (Sapphire -> Mauve)
theme[process_start]=

2023/06/04 (21:01:25) | ===> btop++ v.1.2.13
2023/06/04 (21:01:25) | ERROR: Invalid hex value: 89dceb

# Process box color gradient for threads, mem and cpu usage (Sapphire -> Mauve)
theme[process_start]=

2023/06/04 (21:03:05) | ===> btop++ v.1.2.13
2023/06/04 (21:03:05) | ERROR: Invalid hex value: 89dceb

# Process box color gradient for threads, mem and cpu usage (Sapphire -> Mauve)
theme[process_start]=

2023/06/05 (20:15:29) | ===> btop++ v.1.2.13
2023/06/05 (20:15:29) | ERROR: Invalid hex value: 89dceb

# Process box color gradient for threads, mem and cpu usage (Sapphire -> Mauve)
theme[process_start]=

2023/06/05 (23:12:20) | ===> btop++ v.1.2.13
2023/06/05 (23:12:20) | ERROR: Invalid hex value: 89dceb

# Process box color gradient for threads, mem and cpu usage (Sapphire -> Mauve)
theme[process_start]=

2023/06/05 (23:12:29) | ===> btop++ v.1.2.13
2023/06/05 (23:12:29) | ERROR: Invalid hex value: 89dceb

# Process box color gradient for threads, mem and cpu usage (Sapphire -> Mauve)
theme[process_start]=

2023/06/09 (16:06:49) | ===> btop++ v.1.2.13
2023/06/09 (16:06:49) | ERROR: Invalid hex value: 89dceb

# Process box color gradient for threads, mem and cpu usage (Sapphire -> Mauve)
theme[process_start]=

2023/06/09 (16:06:58) | ===> btop++ v.1.2.13
2023/06/09 (16:06:58) | ERROR: Invalid hex value: 89dceb

# Process box color gradient for threads, mem and cpu usage (Sapphire -> Mauve)
theme[process_start]=

2023/06/09 (16:07:06) | ===> btop++ v.1.2.13
2023/06/09 (16:07:06) | ERROR: Invalid hex value: 89dceb

# Process box color gradient for threads, mem and cpu usage (Sapphire -> Mauve)
theme[process_start]=

2023/06/09 (16:07:11) | ===> btop++ v.1.2.13
2023/06/09 (16:07:11) | ERROR: Invalid hex value: 89dceb

# Process box color gradient for threads, mem and cpu usage (Sapphire -> Mauve)
theme[process_start]=

2023/06/09 (16:08:33) | ===> btop++ v.1.2.13
2023/06/09 (16:08:33) | ERROR: Invalid hex value: 89dceb

# Process box color gradient for threads, mem and cpu usage (Sapphire -> Mauve)
theme[process_start]=

2023/06/09 (16:08:39) | ===> btop++ v.1.2.13
2023/06/09 (16:08:39) | ERROR: Invalid hex value: 89dceb

# Process box color gradient for threads, mem and cpu usage (Sapphire -> Mauve)
theme[process_start]=

2023/06/09 (16:08:41) | ===> btop++ v.1.2.13
2023/06/09 (16:08:41) | ERROR: Invalid hex value: 89dceb

# Process box color gradient for threads, mem and cpu usage (Sapphire -> Mauve)
theme[process_start]=

2023/06/09 (16:08:50) | ===> btop++ v.1.2.13
2023/06/09 (16:08:50) | ERROR: Invalid hex value: 89dceb

# Process box color gradient for threads, mem and cpu usage (Sapphire -> Mauve)
theme[process_start]=

2023/06/09 (16:19:38) | ===> btop++ v.1.2.13
2023/06/09 (16:19:38) | ERROR: Invalid hex value: 89dceb

# Process box color gradient for threads, mem and cpu usage (Sapphire -> Mauve)
theme[process_start]=

2023/06/09 (16:20:48) | ===> btop++ v.1.2.13
2023/06/09 (16:20:48) | ERROR: Invalid hex value: 89dceb

# Process box color gradient for threads, mem and cpu usage (Sapphire -> Mauve)
theme[process_start]=

2023/06/09 (16:25:50) | ===> btop++ v.1.2.13
2023/06/09 (16:25:50) | ERROR: Invalid hex value: 89dceb

# Process box color gradient for threads, mem and cpu usage (Sapphire -> Mauve)
theme[process_start]=

2023/06/09 (16:38:20) | ===> btop++ v.1.2.13
2023/06/09 (16:38:20) | ERROR: Invalid hex value: 89dceb

# Process box color gradient for threads, mem and cpu usage (Sapphire -> Mauve)
theme[process_start]=

2023/06/12 (19:39:07) | ===> btop++ v.1.2.13
2023/06/12 (19:39:07) | ERROR: Invalid hex value: 89dceb

# Process box color gradient for threads, mem and cpu usage (Sapphire -> Mauve)
theme[process_start]=

2023/06/20 (18:55:08) | ===> btop++ v.1.2.13
2023/06/20 (18:55:08) | ERROR: Invalid hex value: 89dceb

# Process box color gradient for threads, mem and cpu usage (Sapphire -> Mauve)
theme[process_start]=

2023/07/07 (13:23:31) | ===> btop++ v.1.2.13
2023/07/07 (13:23:31) | ERROR: Invalid hex value: 89dceb

# Process box color gradient for threads, mem and cpu usage (Sapphire -> Mauve)
theme[process_start]=

2023/07/07 (13:23:38) | ===> btop++ v.1.2.13
2023/07/07 (13:23:38) | ERROR: Invalid hex value: 89dceb

# Process box color gradient for threads, mem and cpu usage (Sapphire -> Mauve)
theme[process_start]=

2023/07/07 (13:35:13) | ===> btop++ v.1.2.13
2023/07/07 (13:35:13) | ERROR: Invalid hex value: 89dceb

# Process box color gradient for threads, mem and cpu usage (Sapphire -> Mauve)
theme[process_start]=

2023/07/25 (15:34:51) | ===> btop++ v.1.2.13
2023/07/25 (15:34:51) | ERROR: Invalid hex value: 89dceb

# Process box color gradient for threads, mem and cpu usage (Sapphire -> Mauve)
theme[process_start]=

2023/07/25 (15:35:09) | ===> btop++ v.1.2.13
2023/07/25 (15:35:09) | ERROR: Invalid hex value: 89dceb

# Process box color gradient for threads, mem and cpu usage (Sapphire -> Mauve)
theme[process_start]=

2023/08/08 (22:53:42) | ===> btop++ v.1.2.13
2023/08/08 (22:53:42) | ERROR: Invalid hex value: 89dceb

# Process box color gradient for threads, mem and cpu usage (Sapphire -> Mauve)
theme[process_start]=

2023/08/08 (22:59:14) | ===> btop++ v.1.2.13
2023/08/08 (22:59:14) | ERROR: Invalid hex value: 89dceb

# Process box color gradient for threads, mem and cpu usage (Sapphire -> Mauve)
theme[process_start]=

2023/08/09 (20:10:28) | ===> btop++ v.1.2.13
2023/08/09 (20:10:28) | ERROR: Invalid hex value: 89dceb

# Process box color gradient for threads, mem and cpu usage (Sapphire -> Mauve)
theme[process_start]=

2023/08/18 (21:51:39) | ===> btop++ v.1.2.13
2023/08/18 (21:51:39) | ERROR: Invalid hex value: 89dceb

# Process box color gradient for threads, mem and cpu usage (Sapphire -> Mauve)
theme[process_start]=

2023/08/24 (12:05:13) | ===> btop++ v.1.2.13
2023/08/24 (12:05:13) | ERROR: Invalid hex value: 89dceb

# Process box color gradient for threads, mem and cpu usage (Sapphire -> Mauve)
theme[process_start]=

2023/08/28 (11:50:44) | ===> btop++ v.1.2.13
2023/08/28 (11:50:44) | ERROR: Invalid hex value: 89dceb

# Process box color gradient for threads, mem and cpu usage (Sapphire -> Mauve)
theme[process_start]=

2023/08/29 (10:28:07) | ===> btop++ v.1.2.13
2023/08/29 (10:28:07) | ERROR: Invalid hex value: 89dceb

# Process box color gradient for threads, mem and cpu usage (Sapphire -> Mauve)
theme[process_start]=

2023/08/30 (15:51:51) | ===> btop++ v.1.2.13
2023/08/30 (15:51:51) | ERROR: Invalid hex value: 89dceb

# Process box color gradient for threads, mem and cpu usage (Sapphire -> Mauve)
theme[process_start]=

2023/09/01 (09:25:59) | ===> btop++ v.1.2.13
2023/09/01 (09:25:59) | ERROR: Invalid hex value: 89dceb

# Process box color gradient for threads, mem and cpu usage (Sapphire -> Mauve)
theme[process_start]=

2023/09/18 (11:10:50) | ===> btop++ v.1.2.13
2023/09/18 (11:10:50) | ERROR: Invalid hex value: 89dceb

# Process box color gradient for threads, mem and cpu usage (Sapphire -> Mauve)
theme[process_start]=
