
2023/04/25 (00:45:59) | ===> btop++ v.1.2.13
2023/04/25 (00:45:59) | INFO: Logger set to INFO

2023/04/25 (00:55:46) | ===> btop++ v.1.2.13
2023/04/25 (00:55:46) | ERROR: Invalid hex value: 89dceb

# Process box color gradient for threads, mem and cpu usage (Sapphire -> Mauve)
theme[process_start]=
2023/04/25 (00:55:46) | ERROR: Invalid hex value: 40a02b
theme[temp_mid]=
2023/04/25 (00:55:48) | ERROR: Invalid hex value: 40a02b
theme[temp_mid]=
2023/04/25 (00:55:49) | ERROR: Invalid hex value: 89dceb

# Process box color gradient for threads, mem and cpu usage (Sapphire -> Mauve)
theme[process_start]=
2023/04/25 (00:56:39) | ERROR: Invalid hex value: 89dceb

# Process box color gradient for threads, mem and cpu usage (Sapphire -> Mauve)
theme[process_start]=

2023/04/28 (02:43:28) | ===> btop++ v.1.2.13
2023/04/28 (02:43:28) | ERROR: Invalid hex value: 40a02b
theme[temp_mid]=
2023/04/28 (02:43:30) | ERROR: Invalid hex value: 40a02b
theme[temp_mid]=
2023/04/28 (02:43:31) | ERROR: Invalid hex value: 89dceb

# Process box color gradient for threads, mem and cpu usage (Sapphire -> Mauve)
theme[process_start]=

2023/04/28 (02:45:38) | ===> btop++ v.1.2.13
2023/04/28 (02:45:38) | ERROR: Invalid hex value: 89dceb

# Process box color gradient for threads, mem and cpu usage (Sapphire -> Mauve)
theme[process_start]=

2023/04/28 (02:48:43) | ===> btop++ v.1.2.13
2023/04/28 (02:48:43) | ERROR: Invalid hex value: 89dceb

# Process box color gradient for threads, mem and cpu usage (Sapphire -> Mauve)
theme[process_start]=

2023/04/28 (02:53:23) | ===> btop++ v.1.2.13
2023/04/28 (02:53:23) | ERROR: Invalid hex value: 89dceb

# Process box color gradient for threads, mem and cpu usage (Sapphire -> Mauve)
theme[process_start]=

2023/04/28 (02:54:48) | ===> btop++ v.1.2.13
2023/04/28 (02:54:48) | ERROR: Invalid hex value: 89dceb

# Process box color gradient for threads, mem and cpu usage (Sapphire -> Mauve)
theme[process_start]=

2023/04/28 (03:19:39) | ===> btop++ v.1.2.13
2023/04/28 (03:19:39) | ERROR: Invalid hex value: 89dceb

# Process box color gradient for threads, mem and cpu usage (Sapphire -> Mauve)
theme[process_start]=

2023/04/28 (03:20:40) | ===> btop++ v.1.2.13
2023/04/28 (03:20:40) | ERROR: Invalid hex value: 89dceb

# Process box color gradient for threads, mem and cpu usage (Sapphire -> Mauve)
theme[process_start]=

2023/04/28 (03:29:36) | ===> btop++ v.1.2.13
2023/04/28 (03:29:36) | ERROR: Invalid hex value: 89dceb

# Process box color gradient for threads, mem and cpu usage (Sapphire -> Mauve)
theme[process_start]=

2023/04/28 (03:33:12) | ===> btop++ v.1.2.13
2023/04/28 (03:33:12) | ERROR: Invalid hex value: 89dceb

# Process box color gradient for threads, mem and cpu usage (Sapphire -> Mauve)
theme[process_start]=

2023/04/28 (03:45:39) | ===> btop++ v.1.2.13
2023/04/28 (03:45:39) | ERROR: Invalid hex value: 89dceb

# Process box color gradient for threads, mem and cpu usage (Sapphire -> Mauve)
theme[process_start]=

2023/04/28 (03:47:38) | ===> btop++ v.1.2.13
2023/04/28 (03:47:38) | ERROR: Invalid hex value: 89dceb

# Process box color gradient for threads, mem and cpu usage (Sapphire -> Mauve)
theme[process_start]=

2023/05/05 (20:40:48) | ===> btop++ v.1.2.13
2023/05/05 (20:40:48) | ERROR: Invalid hex value: 89dceb

# Process box color gradient for threads, mem and cpu usage (Sapphire -> Mauve)
theme[process_start]=

2023/05/05 (20:41:19) | ===> btop++ v.1.2.13
2023/05/05 (20:41:19) | ERROR: Invalid hex value: 89dceb

# Process box color gradient for threads, mem and cpu usage (Sapphire -> Mauve)
theme[process_start]=

2023/05/05 (22:00:44) | ===> btop++ v.1.2.13
2023/05/05 (22:00:44) | ERROR: Invalid hex value: 89dceb

# Process box color gradient for threads, mem and cpu usage (Sapphire -> Mauve)
theme[process_start]=

2023/05/06 (00:41:34) | ===> btop++ v.1.2.13
2023/05/06 (00:41:34) | ERROR: Invalid hex value: 89dceb

# Process box color gradient for threads, mem and cpu usage (Sapphire -> Mauve)
theme[process_start]=

2023/05/07 (17:48:49) | ===> btop++ v.1.2.13
2023/05/07 (17:48:49) | ERROR: Invalid hex value: 89dceb

# Process box color gradient for threads, mem and cpu usage (Sapphire -> Mauve)
theme[process_start]=

2023/05/07 (17:48:55) | ===> btop++ v.1.2.13
2023/05/07 (17:48:55) | ERROR: Invalid hex value: 89dceb

# Process box color gradient for threads, mem and cpu usage (Sapphire -> Mauve)
theme[process_start]=

2023/05/07 (17:48:59) | ===> btop++ v.1.2.13
2023/05/07 (17:48:59) | ERROR: Invalid hex value: 89dceb

# Process box color gradient for threads, mem and cpu usage (Sapphire -> Mauve)
theme[process_start]=

2023/05/16 (20:08:45) | ===> btop++ v.1.2.13
2023/05/16 (20:08:45) | ERROR: Invalid hex value: 89dceb

# Process box color gradient for threads, mem and cpu usage (Sapphire -> Mauve)
theme[process_start]=

2023/05/19 (17:45:06) | ===> btop++ v.1.2.13
2023/05/19 (17:45:06) | ERROR: Invalid hex value: 89dceb

# Process box color gradient for threads, mem and cpu usage (Sapphire -> Mauve)
theme[process_start]=

2023/05/23 (19:59:29) | ===> btop++ v.1.2.13
2023/05/23 (19:59:29) | ERROR: Invalid hex value: 89dceb

# Process box color gradient for threads, mem and cpu usage (Sapphire -> Mauve)
theme[process_start]=

2023/05/23 (19:59:40) | ===> btop++ v.1.2.13
2023/05/23 (19:59:40) | ERROR: Invalid hex value: 89dceb

# Process box color gradient for threads, mem and cpu usage (Sapphire -> Mauve)
theme[process_start]=

2023/05/23 (20:00:31) | ===> btop++ v.1.2.13
2023/05/23 (20:00:31) | ERROR: Invalid hex value: 89dceb

# Process box color gradient for threads, mem and cpu usage (Sapphire -> Mauve)
theme[process_start]=

2023/05/29 (11:22:15) | ===> btop++ v.1.2.13
2023/05/29 (11:22:15) | ERROR: Invalid hex value: 89dceb

# Process box color gradient for threads, mem and cpu usage (Sapphire -> Mauve)
theme[process_start]=

2023/06/02 (19:28:27) | ===> btop++ v.1.2.13
2023/06/02 (19:28:27) | ERROR: Invalid hex value: 89dceb

# Process box color gradient for threads, mem and cpu usage (Sapphire -> Mauve)
theme[process_start]=

2023/06/04 (21:01:25) | ===> btop++ v.1.2.13
2023/06/04 (21:01:25) | ERROR: Invalid hex value: 89dceb

# Process box color gradient for threads, mem and cpu usage (Sapphire -> Mauve)
theme[process_start]=

2023/06/04 (21:03:05) | ===> btop++ v.1.2.13
2023/06/04 (21:03:05) | ERROR: Invalid hex value: 89dceb

# Process box color gradient for threads, mem and cpu usage (Sapphire -> Mauve)
theme[process_start]=

2023/06/05 (20:15:29) | ===> btop++ v.1.2.13
2023/06/05 (20:15:29) | ERROR: Invalid hex value: 89dceb

# Process box color gradient for threads, mem and cpu usage (Sapphire -> Mauve)
theme[process_start]=

2023/06/05 (23:12:20) | ===> btop++ v.1.2.13
2023/06/05 (23:12:20) | ERROR: Invalid hex value: 89dceb

# Process box color gradient for threads, mem and cpu usage (Sapphire -> Mauve)
theme[process_start]=

2023/06/05 (23:12:29) | ===> btop++ v.1.2.13
2023/06/05 (23:12:29) | ERROR: Invalid hex value: 89dceb

# Process box color gradient for threads, mem and cpu usage (Sapphire -> Mauve)
theme[process_start]=

2023/06/09 (16:06:49) | ===> btop++ v.1.2.13
2023/06/09 (16:06:49) | ERROR: Invalid hex value: 89dceb

# Process box color gradient for threads, mem and cpu usage (Sapphire -> Mauve)
theme[process_start]=

2023/06/09 (16:06:58) | ===> btop++ v.1.2.13
2023/06/09 (16:06:58) | ERROR: Invalid hex value: 89dceb

# Process box color gradient for threads, mem and cpu usage (Sapphire -> Mauve)
theme[process_start]=

2023/06/09 (16:07:06) | ===> btop++ v.1.2.13
2023/06/09 (16:07:06) | ERROR: Invalid hex value: 89dceb

# Process box color gradient for threads, mem and cpu usage (Sapphire -> Mauve)
theme[process_start]=

2023/06/09 (16:07:11) | ===> btop++ v.1.2.13
2023/06/09 (16:07:11) | ERROR: Invalid hex value: 89dceb

# Process box color gradient for threads, mem and cpu usage (Sapphire -> Mauve)
theme[process_start]=

2023/06/09 (16:08:33) | ===> btop++ v.1.2.13
2023/06/09 (16:08:33) | ERROR: Invalid hex value: 89dceb

# Process box color gradient for threads, mem and cpu usage (Sapphire -> Mauve)
theme[process_start]=

2023/06/09 (16:08:39) | ===> btop++ v.1.2.13
2023/06/09 (16:08:39) | ERROR: Invalid hex value: 89dceb

# Process box color gradient for threads, mem and cpu usage (Sapphire -> Mauve)
theme[process_start]=

2023/06/09 (16:08:41) | ===> btop++ v.1.2.13
2023/06/09 (16:08:41) | ERROR: Invalid hex value: 89dceb

# Process box color gradient for threads, mem and cpu usage (Sapphire -> Mauve)
theme[process_start]=

2023/06/09 (16:08:50) | ===> btop++ v.1.2.13
2023/06/09 (16:08:50) | ERROR: Invalid hex value: 89dceb

# Process box color gradient for threads, mem and cpu usage (Sapphire -> Mauve)
theme[process_start]=

2023/06/09 (16:19:38) | ===> btop++ v.1.2.13
2023/06/09 (16:19:38) | ERROR: Invalid hex value: 89dceb

# Process box color gradient for threads, mem and cpu usage (Sapphire -> Mauve)
theme[process_start]=

2023/06/09 (16:20:48) | ===> btop++ v.1.2.13
2023/06/09 (16:20:48) | ERROR: Invalid hex value: 89dceb

# Process box color gradient for threads, mem and cpu usage (Sapphire -> Mauve)
theme[process_start]=

2023/06/09 (16:25:50) | ===> btop++ v.1.2.13
2023/06/09 (16:25:50) | ERROR: Invalid hex value: 89dceb

# Process box color gradient for threads, mem and cpu usage (Sapphire -> Mauve)
theme[process_start]=

2023/06/09 (16:38:20) | ===> btop++ v.1.2.13
2023/06/09 (16:38:20) | ERROR: Invalid hex value: 89dceb

# Process box color gradient for threads, mem and cpu usage (Sapphire -> Mauve)
theme[process_start]=

2023/06/12 (19:39:07) | ===> btop++ v.1.2.13
2023/06/12 (19:39:07) | ERROR: Invalid hex value: 89dceb

# Process box color gradient for threads, mem and cpu usage (Sapphire -> Mauve)
theme[process_start]=

2023/06/20 (18:55:08) | ===> btop++ v.1.2.13
2023/06/20 (18:55:08) | ERROR: Invalid hex value: 89dceb

# Process box color gradient for threads, mem and cpu usage (Sapphire -> Mauve)
theme[process_start]=

2023/07/07 (13:23:31) | ===> btop++ v.1.2.13
2023/07/07 (13:23:31) | ERROR: Invalid hex value: 89dceb

# Process box color gradient for threads, mem and cpu usage (Sapphire -> Mauve)
theme[process_start]=

2023/07/07 (13:23:38) | ===> btop++ v.1.2.13
2023/07/07 (13:23:38) | ERROR: Invalid hex value: 89dceb

# Process box color gradient for threads, mem and cpu usage (Sapphire -> Mauve)
theme[process_start]=

2023/07/07 (13:35:13) | ===> btop++ v.1.2.13
2023/07/07 (13:35:13) | ERROR: Invalid hex value: 89dceb

# Process box color gradient for threads, mem and cpu usage (Sapphire -> Mauve)
theme[process_start]=

2023/07/25 (15:34:51) | ===> btop++ v.1.2.13
2023/07/25 (15:34:51) | ERROR: Invalid hex value: 89dceb

# Process box color gradient for threads, mem and cpu usage (Sapphire -> Mauve)
theme[process_start]=

2023/07/25 (15:35:09) | ===> btop++ v.1.2.13
2023/07/25 (15:35:09) | ERROR: Invalid hex value: 89dceb

# Process box color gradient for threads, mem and cpu usage (Sapphire -> Mauve)
theme[process_start]=

2023/08/08 (22:53:42) | ===> btop++ v.1.2.13
2023/08/08 (22:53:42) | ERROR: Invalid hex value: 89dceb

# Process box color gradient for threads, mem and cpu usage (Sapphire -> Mauve)
theme[process_start]=

2023/08/08 (22:59:14) | ===> btop++ v.1.2.13
2023/08/08 (22:59:14) | ERROR: Invalid hex value: 89dceb

# Process box color gradient for threads, mem and cpu usage (Sapphire -> Mauve)
theme[process_start]=

2023/08/09 (20:10:28) | ===> btop++ v.1.2.13
2023/08/09 (20:10:28) | ERROR: Invalid hex value: 89dceb

# Process box color gradient for threads, mem and cpu usage (Sapphire -> Mauve)
theme[process_start]=

2023/08/18 (21:51:39) | ===> btop++ v.1.2.13
2023/08/18 (21:51:39) | ERROR: Invalid hex value: 89dceb

# Process box color gradient for threads, mem and cpu usage (Sapphire -> Mauve)
theme[process_start]=

2023/08/24 (12:05:13) | ===> btop++ v.1.2.13
2023/08/24 (12:05:13) | ERROR: Invalid hex value: 89dceb

# Process box color gradient for threads, mem and cpu usage (Sapphire -> Mauve)
theme[process_start]=

2023/08/28 (11:50:44) | ===> btop++ v.1.2.13
2023/08/28 (11:50:44) | ERROR: Invalid hex value: 89dceb

# Process box color gradient for threads, mem and cpu usage (Sapphire -> Mauve)
theme[process_start]=

2023/08/29 (10:28:07) | ===> btop++ v.1.2.13
2023/08/29 (10:28:07) | ERROR: Invalid hex value: 89dceb

# Process box color gradient for threads, mem and cpu usage (Sapphire -> Mauve)
theme[process_start]=

2023/08/30 (15:51:51) | ===> btop++ v.1.2.13
2023/08/30 (15:51:51) | ERROR: Invalid hex value: 89dceb

# Process box color gradient for threads, mem and cpu usage (Sapphire -> Mauve)
theme[process_start]=

2023/09/01 (09:25:59) | ===> btop++ v.1.2.13
2023/09/01 (09:25:59) | ERROR: Invalid hex value: 89dceb

# Process box color gradient for threads, mem and cpu usage (Sapphire -> Mauve)
theme[process_start]=

2023/09/18 (11:10:50) | ===> btop++ v.1.2.13
2023/09/18 (11:10:50) | ERROR: Invalid hex value: 89dceb

# Process box color gradient for threads, mem and cpu usage (Sapphire -> Mauve)
theme[process_start]=

2023/10/03 (11:45:33) | ===> btop++ v.1.2.13
2023/10/03 (11:45:33) | ERROR: Invalid hex value: 89dceb

# Process box color gradient for threads, mem and cpu usage (Sapphire -> Mauve)
theme[process_start]=

2023/10/06 (10:50:46) | ===> btop++ v.1.2.13
2023/10/06 (10:50:46) | ERROR: Invalid hex value: 89dceb

# Process box color gradient for threads, mem and cpu usage (Sapphire -> Mauve)
theme[process_start]=

2023/10/07 (22:22:37) | ===> btop++ v.1.2.13
2023/10/07 (22:22:37) | ERROR: Invalid hex value: 89dceb

# Process box color gradient for threads, mem and cpu usage (Sapphire -> Mauve)
theme[process_start]=

2023/10/08 (00:12:23) | ===> btop++ v.1.2.13
2023/10/08 (00:12:23) | ERROR: Invalid hex value: 89dceb

# Process box color gradient for threads, mem and cpu usage (Sapphire -> Mauve)
theme[process_start]=

2023/10/08 (00:12:49) | ===> btop++ v.1.2.13
2023/10/08 (00:12:49) | ERROR: Invalid hex value: 89dceb

# Process box color gradient for threads, mem and cpu usage (Sapphire -> Mauve)
theme[process_start]=

2023/10/08 (18:57:02) | ===> btop++ v.1.2.13
2023/10/08 (18:57:02) | ERROR: Invalid hex value: 89dceb

# Process box color gradient for threads, mem and cpu usage (Sapphire -> Mauve)
theme[process_start]=

2023/10/12 (23:20:50) | ===> btop++ v.1.2.13
2023/10/12 (23:20:50) | ERROR: Invalid hex value: 89dceb

# Process box color gradient for threads, mem and cpu usage (Sapphire -> Mauve)
theme[process_start]=

2023/10/13 (00:32:24) | ===> btop++ v.1.2.13
2023/10/13 (00:32:24) | ERROR: Invalid hex value: 89dceb

# Process box color gradient for threads, mem and cpu usage (Sapphire -> Mauve)
theme[process_start]=

2023/10/13 (00:33:29) | ===> btop++ v.1.2.13
2023/10/13 (00:33:29) | ERROR: Invalid hex value: 89dceb

# Process box color gradient for threads, mem and cpu usage (Sapphire -> Mauve)
theme[process_start]=

2023/10/14 (12:06:38) | ===> btop++ v.1.2.13
2023/10/14 (12:06:38) | ERROR: Invalid hex value: 89dceb

# Process box color gradient for threads, mem and cpu usage (Sapphire -> Mauve)
theme[process_start]=

2023/10/18 (19:04:05) | ===> btop++ v.1.2.13
2023/10/18 (19:04:05) | ERROR: Invalid hex value: 89dceb

# Process box color gradient for threads, mem and cpu usage (Sapphire -> Mauve)
theme[process_start]=

2023/10/18 (19:06:58) | ===> btop++ v.1.2.13
2023/10/18 (19:06:58) | ERROR: Invalid hex value: 89dceb

# Process box color gradient for threads, mem and cpu usage (Sapphire -> Mauve)
theme[process_start]=

2023/10/22 (15:29:32) | ===> btop++ v.1.2.13
2023/10/22 (15:29:32) | ERROR: Invalid hex value: 89dceb

# Process box color gradient for threads, mem and cpu usage (Sapphire -> Mauve)
theme[process_start]=

2023/10/24 (18:59:21) | ===> btop++ v.1.2.13
2023/10/24 (18:59:21) | ERROR: Invalid hex value: 89dceb

# Process box color gradient for threads, mem and cpu usage (Sapphire -> Mauve)
theme[process_start]=

2023/10/25 (14:00:51) | ===> btop++ v.1.2.13
2023/10/25 (14:00:51) | ERROR: Invalid hex value: 89dceb

# Process box color gradient for threads, mem and cpu usage (Sapphire -> Mauve)
theme[process_start]=

2023/10/25 (14:05:11) | ===> btop++ v.1.2.13
2023/10/25 (14:05:11) | ERROR: Invalid hex value: 89dceb

# Process box color gradient for threads, mem and cpu usage (Sapphire -> Mauve)
theme[process_start]=

2023/10/25 (14:06:09) | ===> btop++ v.1.2.13
2023/10/25 (14:06:09) | ERROR: Invalid hex value: 89dceb

# Process box color gradient for threads, mem and cpu usage (Sapphire -> Mauve)
theme[process_start]=

2023/10/29 (14:44:32) | ===> btop++ v.1.2.13
2023/10/29 (14:44:32) | ERROR: Invalid hex value: 89dceb

# Process box color gradient for threads, mem and cpu usage (Sapphire -> Mauve)
theme[process_start]=

2023/10/29 (17:55:32) | ===> btop++ v.1.2.13
2023/10/29 (17:55:32) | ERROR: Invalid hex value: 89dceb

# Process box color gradient for threads, mem and cpu usage (Sapphire -> Mauve)
theme[process_start]=

2023/10/31 (02:21:58) | ===> btop++ v.1.2.13
2023/10/31 (02:21:58) | ERROR: Invalid hex value: 89dceb

# Process box color gradient for threads, mem and cpu usage (Sapphire -> Mauve)
theme[process_start]=

2023/11/01 (03:22:52) | ===> btop++ v.1.2.13
2023/11/01 (03:22:52) | ERROR: Invalid hex value: 89dceb

# Process box color gradient for threads, mem and cpu usage (Sapphire -> Mauve)
theme[process_start]=

2023/11/01 (03:29:12) | ===> btop++ v.1.2.13
2023/11/01 (03:29:12) | ERROR: Invalid hex value: 89dceb

# Process box color gradient for threads, mem and cpu usage (Sapphire -> Mauve)
theme[process_start]=

2023/11/01 (03:29:52) | ===> btop++ v.1.2.13
2023/11/01 (03:29:52) | ERROR: Invalid hex value: 89dceb

# Process box color gradient for threads, mem and cpu usage (Sapphire -> Mauve)
theme[process_start]=

2023/11/02 (16:16:51) | ===> btop++ v.1.2.13
2023/11/02 (16:16:51) | ERROR: Invalid hex value: 89dceb

# Process box color gradient for threads, mem and cpu usage (Sapphire -> Mauve)
theme[process_start]=

2023/11/03 (15:53:06) | ===> btop++ v.1.2.13
2023/11/03 (15:53:06) | ERROR: Invalid hex value: 89dceb

# Process box color gradient for threads, mem and cpu usage (Sapphire -> Mauve)
theme[process_start]=

2023/11/03 (16:10:56) | ===> btop++ v.1.2.13
2023/11/03 (16:10:56) | ERROR: Invalid hex value: 89dceb

# Process box color gradient for threads, mem and cpu usage (Sapphire -> Mauve)
theme[process_start]=

2023/11/03 (16:11:21) | ===> btop++ v.1.2.13
2023/11/03 (16:11:21) | ERROR: Invalid hex value: 89dceb

# Process box color gradient for threads, mem and cpu usage (Sapphire -> Mauve)
theme[process_start]=

2023/12/23 (09:51:32) | ===> btop++ v.1.2.13
2023/12/23 (09:51:32) | ERROR: Invalid hex value: 89dceb

# Process box color gradient for threads, mem and cpu usage (Sapphire -> Mauve)
theme[process_start]=

2023/12/23 (09:51:38) | ===> btop++ v.1.2.13
2023/12/23 (09:51:38) | ERROR: Invalid hex value: 89dceb

# Process box color gradient for threads, mem and cpu usage (Sapphire -> Mauve)
theme[process_start]=

2023/12/31 (14:31:21) | ===> btop++ v.1.2.13
2023/12/31 (14:31:21) | ERROR: Invalid hex value: 89dceb

# Process box color gradient for threads, mem and cpu usage (Sapphire -> Mauve)
theme[process_start]=

2023/12/31 (14:32:23) | ===> btop++ v.1.2.13
2023/12/31 (14:32:23) | ERROR: Invalid hex value: 89dceb

# Process box color gradient for threads, mem and cpu usage (Sapphire -> Mauve)
theme[process_start]=

2023/12/31 (14:33:16) | ===> btop++ v.1.2.13
2023/12/31 (14:33:16) | ERROR: Invalid hex value: 89dceb

# Process box color gradient for threads, mem and cpu usage (Sapphire -> Mauve)
theme[process_start]=

2023/12/31 (14:33:31) | ===> btop++ v.1.2.13
2023/12/31 (14:33:31) | ERROR: Invalid hex value: 89dceb

# Process box color gradient for threads, mem and cpu usage (Sapphire -> Mauve)
theme[process_start]=

2024/01/04 (13:20:12) | ===> btop++ v.1.2.13
2024/01/04 (13:20:12) | ERROR: Invalid hex value: 89dceb

# Process box color gradient for threads, mem and cpu usage (Sapphire -> Mauve)
theme[process_start]=

2024/01/04 (14:27:26) | ===> btop++ v.1.2.13
2024/01/04 (14:27:26) | ERROR: Invalid hex value: 89dceb

# Process box color gradient for threads, mem and cpu usage (Sapphire -> Mauve)
theme[process_start]=

2024/01/05 (16:05:00) | ===> btop++ v.1.2.13
2024/01/05 (16:05:00) | ERROR: Invalid hex value: 89dceb

# Process box color gradient for threads, mem and cpu usage (Sapphire -> Mauve)
theme[process_start]=

2024/01/09 (18:01:45) | ===> btop++ v.1.2.13
2024/01/09 (18:01:45) | ERROR: Invalid hex value: 89dceb

# Process box color gradient for threads, mem and cpu usage (Sapphire -> Mauve)
theme[process_start]=

2024/01/15 (11:40:42) | ===> btop++ v.1.2.13
2024/01/15 (11:40:42) | ERROR: Invalid hex value: 89dceb

# Process box color gradient for threads, mem and cpu usage (Sapphire -> Mauve)
theme[process_start]=

2024/01/18 (23:14:20) | ===> btop++ v.1.2.13
2024/01/18 (23:14:20) | ERROR: Invalid hex value: 89dceb

# Process box color gradient for threads, mem and cpu usage (Sapphire -> Mauve)
theme[process_start]=

2024/01/29 (19:18:43) | ===> btop++ v.1.2.13
2024/01/29 (19:18:43) | ERROR: Invalid hex value: 89dceb

# Process box color gradient for threads, mem and cpu usage (Sapphire -> Mauve)
theme[process_start]=

2024/01/29 (19:22:08) | ===> btop++ v.1.2.13
2024/01/29 (19:22:08) | ERROR: Invalid hex value: 89dceb

# Process box color gradient for threads, mem and cpu usage (Sapphire -> Mauve)
theme[process_start]=

2024/02/12 (10:35:04) | ===> btop++ v.1.2.13
2024/02/12 (10:35:04) | ERROR: Invalid hex value: 89dceb

# Process box color gradient for threads, mem and cpu usage (Sapphire -> Mauve)
theme[process_start]=

2024/02/27 (00:02:08) | ===> btop++ v.1.2.13
2024/02/27 (00:02:08) | ERROR: Invalid hex value: 89dceb

# Process box color gradient for threads, mem and cpu usage (Sapphire -> Mauve)
theme[process_start]=

2024/02/27 (00:06:10) | ===> btop++ v.1.2.13
2024/02/27 (00:06:10) | ERROR: Invalid hex value: 89dceb

# Process box color gradient for threads, mem and cpu usage (Sapphire -> Mauve)
theme[process_start]=

2024/02/28 (17:34:22) | ===> btop++ v.1.2.13
2024/02/28 (17:34:22) | ERROR: Invalid hex value: 89dceb

# Process box color gradient for threads, mem and cpu usage (Sapphire -> Mauve)
theme[process_start]=

2024/04/12 (10:39:33) | ===> btop++ v.1.2.13
2024/04/12 (10:39:33) | ERROR: Invalid hex value: 89dceb

# Process box color gradient for threads, mem and cpu usage (Sapphire -> Mauve)
theme[process_start]=

2024/04/12 (11:20:44) | ===> btop++ v.1.2.13
2024/04/12 (11:20:44) | ERROR: Invalid hex value: 89dceb

# Process box color gradient for threads, mem and cpu usage (Sapphire -> Mauve)
theme[process_start]=

2024/04/12 (23:52:52) | ===> btop++ v.1.2.13
2024/04/12 (23:52:52) | ERROR: Invalid hex value: 89dceb

# Process box color gradient for threads, mem and cpu usage (Sapphire -> Mauve)
theme[process_start]=

2024/04/17 (14:43:42) | ===> btop++ v.1.2.13
2024/04/17 (14:43:42) | ERROR: Invalid hex value: 89dceb

# Process box color gradient for threads, mem and cpu usage (Sapphire -> Mauve)
theme[process_start]=

2024/04/21 (17:14:31) | ===> btop++ v.1.3.2
2024/04/21 (17:14:31) | ERROR: Invalid hex value: 89dceb

# Process box color gradient for threads, mem and cpu usage (Sapphire -> Mauve)
theme[process_start]=

2024/04/22 (15:46:12) | ===> btop++ v.1.3.2
2024/04/22 (15:46:12) | ERROR: Invalid hex value: 89dceb

# Process box color gradient for threads, mem and cpu usage (Sapphire -> Mauve)
theme[process_start]=

2024/04/22 (15:48:36) | ===> btop++ v.1.3.2
2024/04/22 (15:48:36) | ERROR: Invalid hex value: 89dceb

# Process box color gradient for threads, mem and cpu usage (Sapphire -> Mauve)
theme[process_start]=

2024/04/28 (16:50:15) | ===> btop++ v.1.3.2
2024/04/28 (16:50:15) | ERROR: Invalid hex value: 89dceb

# Process box color gradient for threads, mem and cpu usage (Sapphire -> Mauve)
theme[process_start]=

2024/04/28 (16:51:14) | ===> btop++ v.1.3.2
2024/04/28 (16:51:14) | ERROR: Invalid hex value: 89dceb

# Process box color gradient for threads, mem and cpu usage (Sapphire -> Mauve)
theme[process_start]=

2024/04/29 (16:07:43) | ===> btop++ v.1.3.2
2024/04/29 (16:07:43) | ERROR: Invalid hex value: 89dceb

# Process box color gradient for threads, mem and cpu usage (Sapphire -> Mauve)
theme[process_start]=

2024/04/30 (00:00:02) | ===> btop++ v.1.3.2
2024/04/30 (00:00:02) | ERROR: Invalid hex value: 89dceb

# Process box color gradient for threads, mem and cpu usage (Sapphire -> Mauve)
theme[process_start]=

2024/04/30 (00:01:35) | ===> btop++ v.1.3.2
2024/04/30 (00:01:35) | ERROR: Invalid hex value: 89dceb

# Process box color gradient for threads, mem and cpu usage (Sapphire -> Mauve)
theme[process_start]=

2024/05/04 (15:31:57) | ===> btop++ v.1.3.2
2024/05/04 (15:31:57) | ERROR: Invalid hex value: 89dceb

# Process box color gradient for threads, mem and cpu usage (Sapphire -> Mauve)
theme[process_start]=

2024/05/13 (00:43:53) | ===> btop++ v.1.3.2
2024/05/13 (00:43:53) | ERROR: Invalid hex value: 89dceb

# Process box color gradient for threads, mem and cpu usage (Sapphire -> Mauve)
theme[process_start]=

2024/05/21 (14:33:24) | ===> btop++ v.1.3.2
2024/05/21 (14:33:24) | ERROR: Invalid hex value: 89dceb

# Process box color gradient for threads, mem and cpu usage (Sapphire -> Mauve)
theme[process_start]=

2024/05/24 (17:09:29) | ===> btop++ v.1.3.2
2024/05/24 (17:09:29) | ERROR: Invalid hex value: 89dceb

# Process box color gradient for threads, mem and cpu usage (Sapphire -> Mauve)
theme[process_start]=

2024/05/24 (17:09:46) | ===> btop++ v.1.3.2
2024/05/24 (17:09:46) | ERROR: Invalid hex value: 89dceb

# Process box color gradient for threads, mem and cpu usage (Sapphire -> Mauve)
theme[process_start]=

2024/05/27 (01:18:37) | ===> btop++ v.1.3.2
2024/05/27 (01:18:37) | ERROR: Invalid hex value: 89dceb

# Process box color gradient for threads, mem and cpu usage (Sapphire -> Mauve)
theme[process_start]=

2024/05/27 (01:20:28) | ===> btop++ v.1.3.2
2024/05/27 (01:20:28) | ERROR: Invalid hex value: 89dceb

# Process box color gradient for threads, mem and cpu usage (Sapphire -> Mauve)
theme[process_start]=

2024/05/27 (12:23:29) | ===> btop++ v.1.3.2
2024/05/27 (12:23:29) | ERROR: Invalid hex value: 89dceb

# Process box color gradient for threads, mem and cpu usage (Sapphire -> Mauve)
theme[process_start]=

2024/05/27 (12:23:59) | ===> btop++ v.1.3.2
2024/05/27 (12:23:59) | ERROR: Invalid hex value: 89dceb

# Process box color gradient for threads, mem and cpu usage (Sapphire -> Mauve)
theme[process_start]=

2024/05/27 (13:55:28) | ===> btop++ v.1.3.2
2024/05/27 (13:55:28) | ERROR: Invalid hex value: 89dceb

# Process box color gradient for threads, mem and cpu usage (Sapphire -> Mauve)
theme[process_start]=

2024/05/27 (15:52:10) | ===> btop++ v.1.3.2
2024/05/27 (15:52:10) | ERROR: Invalid hex value: 89dceb

# Process box color gradient for threads, mem and cpu usage (Sapphire -> Mauve)
theme[process_start]=

2024/05/27 (21:22:46) | ===> btop++ v.1.3.2
2024/05/27 (21:22:46) | ERROR: Invalid hex value: 89dceb

# Process box color gradient for threads, mem and cpu usage (Sapphire -> Mauve)
theme[process_start]=

2024/05/27 (21:22:51) | ===> btop++ v.1.3.2
2024/05/27 (21:22:51) | ERROR: Invalid hex value: 89dceb

# Process box color gradient for threads, mem and cpu usage (Sapphire -> Mauve)
theme[process_start]=

2024/05/27 (21:22:55) | ===> btop++ v.1.3.2
2024/05/27 (21:22:55) | ERROR: Invalid hex value: 89dceb

# Process box color gradient for threads, mem and cpu usage (Sapphire -> Mauve)
theme[process_start]=

2024/05/28 (15:06:29) | ===> btop++ v.1.3.2
2024/05/28 (15:06:29) | ERROR: Invalid hex value: 89dceb

# Process box color gradient for threads, mem and cpu usage (Sapphire -> Mauve)
theme[process_start]=

2024/05/28 (15:06:32) | ===> btop++ v.1.3.2
2024/05/28 (15:06:32) | ERROR: Invalid hex value: 89dceb

# Process box color gradient for threads, mem and cpu usage (Sapphire -> Mauve)
theme[process_start]=

2024/05/28 (15:44:29) | ===> btop++ v.1.3.2
2024/05/28 (15:44:29) | ERROR: Invalid hex value: 89dceb

# Process box color gradient for threads, mem and cpu usage (Sapphire -> Mauve)
theme[process_start]=

2024/05/28 (19:41:09) | ===> btop++ v.1.3.2
2024/05/28 (19:41:09) | ERROR: Invalid hex value: 89dceb

# Process box color gradient for threads, mem and cpu usage (Sapphire -> Mauve)
theme[process_start]=

2024/05/29 (14:02:34) | ===> btop++ v.1.3.2
2024/05/29 (14:02:34) | ERROR: Invalid hex value: 89dceb

# Process box color gradient for threads, mem and cpu usage (Sapphire -> Mauve)
theme[process_start]=

2024/05/31 (03:56:56) | ===> btop++ v.1.3.2
2024/05/31 (03:56:56) | ERROR: Invalid hex value: 89dceb

# Process box color gradient for threads, mem and cpu usage (Sapphire -> Mauve)
theme[process_start]=

2024/06/02 (19:34:25) | ===> btop++ v.1.3.2
2024/06/02 (19:34:25) | ERROR: Invalid hex value: 89dceb

# Process box color gradient for threads, mem and cpu usage (Sapphire -> Mauve)
theme[process_start]=
